2018-02-24 16:13:18,674 - ResourceManager : found ./templates/index.vm with loader org.apache.velocity.runtime.resource.loader.FileResourceLoader
2018-02-24 16:13:18,689 - ResourceManager : found /templates/base/index-footer.vm with loader org.apache.velocity.runtime.resource.loader.FileResourceLoader
2018-02-24 16:14:15,144 - ResourceManager : found ./templates/me.vm with loader org.apache.velocity.runtime.resource.loader.FileResourceLoader
2018-02-24 16:14:15,169 - ResourceManager : found /templates/base/page-header.vm with loader org.apache.velocity.runtime.resource.loader.FileResourceLoader
2018-02-24 16:14:15,182 - ResourceManager : found /templates/base/page-header-tabs.vm with loader org.apache.velocity.runtime.resource.loader.FileResourceLoader
2018-02-24 16:14:15,187 - ResourceManager : found /templates/base/tabs/me.vm with loader org.apache.velocity.runtime.resource.loader.FileResourceLoader
2018-02-24 16:14:15,200 - ResourceManager : found /templates/widgets/article-promos.vm with loader org.apache.velocity.runtime.resource.loader.FileResourceLoader
2018-02-24 16:14:15,208 - ResourceManager : found /templates/base/page-footer.vm with loader org.apache.velocity.runtime.resource.loader.FileResourceLoader
2018-02-24 16:14:17,202 - ResourceManager : found ./templates/client.vm with loader org.apache.velocity.runtime.resource.loader.FileResourceLoader
2018-02-24 16:14:51,222 - ResourceManager : found ./templates/account.vm with loader org.apache.velocity.runtime.resource.loader.FileResourceLoader
2018-02-24 16:14:51,231 - ResourceManager : found /templates/account/disconnected.vm with loader org.apache.velocity.runtime.resource.loader.FileResourceLoader
2018-02-24 21:16:21,424 - Log4JLogChute initialized using file 'velocity.log'
2018-02-24 21:16:21,425 - Initializing Velocity, Calling init()...
2018-02-24 21:16:21,425 - Starting Apache Velocity v1.7 (compiled: 2010-11-19 12:14:37)
2018-02-24 21:16:21,425 - Default Properties File: org\apache\velocity\runtime\defaults\velocity.properties
2018-02-24 21:16:21,425 - Trying to use logger class org.apache.velocity.runtime.log.AvalonLogChute
2018-02-24 21:16:21,425 - Target log system for org.apache.velocity.runtime.log.AvalonLogChute is not available (java.lang.NoClassDefFoundError: org/apache/log/format/Formatter).  Falling back to next log system...
2018-02-24 21:16:21,425 - Trying to use logger class org.apache.velocity.runtime.log.Log4JLogChute
2018-02-24 21:16:21,425 - Using logger class org.apache.velocity.runtime.log.Log4JLogChute
2018-02-24 21:16:21,429 - ResourceLoader instantiated: org.apache.velocity.runtime.resource.loader.FileResourceLoader
2018-02-24 21:16:21,429 - Do unicode file recognition:  false
2018-02-24 21:16:21,429 - FileResourceLoader : adding path '.'
2018-02-24 21:16:21,440 - ResourceCache: initialized (class org.apache.velocity.runtime.resource.ResourceCacheImpl) with class java.util.Collections$SynchronizedMap cache map.
2018-02-24 21:16:21,442 - Loaded System Directive: org.apache.velocity.runtime.directive.Stop
2018-02-24 21:16:21,443 - Loaded System Directive: org.apache.velocity.runtime.directive.Define
2018-02-24 21:16:21,443 - Loaded System Directive: org.apache.velocity.runtime.directive.Break
2018-02-24 21:16:21,444 - Loaded System Directive: org.apache.velocity.runtime.directive.Evaluate
2018-02-24 21:16:21,444 - Loaded System Directive: org.apache.velocity.runtime.directive.Literal
2018-02-24 21:16:21,445 - Loaded System Directive: org.apache.velocity.runtime.directive.Macro
2018-02-24 21:16:21,446 - Loaded System Directive: org.apache.velocity.runtime.directive.Parse
2018-02-24 21:16:21,447 - Loaded System Directive: org.apache.velocity.runtime.directive.Include
2018-02-24 21:16:21,448 - Loaded System Directive: org.apache.velocity.runtime.directive.Foreach
2018-02-24 21:16:21,476 - Created '20' parsers.
2018-02-24 21:16:21,482 - Velocimacro : "velocimacro.library" is not set.  Trying default library: VM_global_library.vm
2018-02-24 21:16:21,482 - Velocimacro : Default library not found.
2018-02-24 21:16:21,482 - Velocimacro : allowInline = true : VMs can be defined inline in templates
2018-02-24 21:16:21,482 - Velocimacro : allowInlineToOverride = false : VMs defined inline may NOT replace previous VM definitions
2018-02-24 21:16:21,482 - Velocimacro : allowInlineLocal = false : VMs defined inline will be global in scope if allowed.
2018-02-24 21:16:21,482 - Velocimacro : autoload off : VM system will not automatically reload global library macros
2018-02-24 21:16:21,524 - ResourceManager : found ./templates/index.vm with loader org.apache.velocity.runtime.resource.loader.FileResourceLoader
2018-02-24 21:16:21,543 - ResourceManager : found /templates/base/index-footer.vm with loader org.apache.velocity.runtime.resource.loader.FileResourceLoader
2018-02-24 21:16:24,411 - ResourceManager : found ./templates/me.vm with loader org.apache.velocity.runtime.resource.loader.FileResourceLoader
2018-02-24 21:16:24,433 - ResourceManager : found /templates/base/page-header.vm with loader org.apache.velocity.runtime.resource.loader.FileResourceLoader
2018-02-24 21:16:24,446 - ResourceManager : found /templates/base/page-header-tabs.vm with loader org.apache.velocity.runtime.resource.loader.FileResourceLoader
2018-02-24 21:16:24,452 - ResourceManager : found /templates/base/tabs/me.vm with loader org.apache.velocity.runtime.resource.loader.FileResourceLoader
2018-02-24 21:16:24,465 - ResourceManager : found /templates/widgets/article-promos.vm with loader org.apache.velocity.runtime.resource.loader.FileResourceLoader
2018-02-24 21:16:24,474 - ResourceManager : found /templates/base/page-footer.vm with loader org.apache.velocity.runtime.resource.loader.FileResourceLoader
2018-02-24 21:16:25,765 - ResourceManager : found ./templates/client.vm with loader org.apache.velocity.runtime.resource.loader.FileResourceLoader
2018-02-24 21:53:47,957 - ResourceManager : found ./templates/account.vm with loader org.apache.velocity.runtime.resource.loader.FileResourceLoader
2018-02-24 21:53:47,967 - ResourceManager : found /templates/account/disconnected.vm with loader org.apache.velocity.runtime.resource.loader.FileResourceLoader
2018-02-24 22:01:08,107 - ResourceManager : found ./templates/logout.vm with loader org.apache.velocity.runtime.resource.loader.FileResourceLoader
2018-02-26 18:13:57,838 - Log4JLogChute initialized using file 'velocity.log'
2018-02-26 18:13:57,839 - Initializing Velocity, Calling init()...
2018-02-26 18:13:57,839 - Starting Apache Velocity v1.7 (compiled: 2010-11-19 12:14:37)
2018-02-26 18:13:57,839 - Default Properties File: org\apache\velocity\runtime\defaults\velocity.properties
2018-02-26 18:13:57,839 - Trying to use logger class org.apache.velocity.runtime.log.AvalonLogChute
2018-02-26 18:13:57,839 - Target log system for org.apache.velocity.runtime.log.AvalonLogChute is not available (java.lang.NoClassDefFoundError: org/apache/log/format/Formatter).  Falling back to next log system...
2018-02-26 18:13:57,839 - Trying to use logger class org.apache.velocity.runtime.log.Log4JLogChute
2018-02-26 18:13:57,839 - Using logger class org.apache.velocity.runtime.log.Log4JLogChute
2018-02-26 18:13:57,843 - ResourceLoader instantiated: org.apache.velocity.runtime.resource.loader.FileResourceLoader
2018-02-26 18:13:57,843 - Do unicode file recognition:  false
2018-02-26 18:13:57,843 - FileResourceLoader : adding path '.'
2018-02-26 18:13:57,854 - ResourceCache: initialized (class org.apache.velocity.runtime.resource.ResourceCacheImpl) with class java.util.Collections$SynchronizedMap cache map.
2018-02-26 18:13:57,855 - Loaded System Directive: org.apache.velocity.runtime.directive.Stop
2018-02-26 18:13:57,856 - Loaded System Directive: org.apache.velocity.runtime.directive.Define
2018-02-26 18:13:57,857 - Loaded System Directive: org.apache.velocity.runtime.directive.Break
2018-02-26 18:13:57,857 - Loaded System Directive: org.apache.velocity.runtime.directive.Evaluate
2018-02-26 18:13:57,857 - Loaded System Directive: org.apache.velocity.runtime.directive.Literal
2018-02-26 18:13:57,858 - Loaded System Directive: org.apache.velocity.runtime.directive.Macro
2018-02-26 18:13:57,859 - Loaded System Directive: org.apache.velocity.runtime.directive.Parse
2018-02-26 18:13:57,860 - Loaded System Directive: org.apache.velocity.runtime.directive.Include
2018-02-26 18:13:57,860 - Loaded System Directive: org.apache.velocity.runtime.directive.Foreach
2018-02-26 18:13:57,882 - Created '20' parsers.
2018-02-26 18:13:57,886 - Velocimacro : "velocimacro.library" is not set.  Trying default library: VM_global_library.vm
2018-02-26 18:13:57,886 - Velocimacro : Default library not found.
2018-02-26 18:13:57,886 - Velocimacro : allowInline = true : VMs can be defined inline in templates
2018-02-26 18:13:57,886 - Velocimacro : allowInlineToOverride = false : VMs defined inline may NOT replace previous VM definitions
2018-02-26 18:13:57,886 - Velocimacro : allowInlineLocal = false : VMs defined inline will be global in scope if allowed.
2018-02-26 18:13:57,886 - Velocimacro : autoload off : VM system will not automatically reload global library macros
2018-02-26 18:13:57,926 - ResourceManager : found ./templates/index.vm with loader org.apache.velocity.runtime.resource.loader.FileResourceLoader
2018-02-26 18:13:57,945 - ResourceManager : found /templates/base/index-footer.vm with loader org.apache.velocity.runtime.resource.loader.FileResourceLoader
2018-02-26 18:14:21,238 - ResourceManager : found ./templates/me.vm with loader org.apache.velocity.runtime.resource.loader.FileResourceLoader
2018-02-26 18:14:21,261 - ResourceManager : found /templates/base/page-header.vm with loader org.apache.velocity.runtime.resource.loader.FileResourceLoader
2018-02-26 18:14:21,273 - ResourceManager : found /templates/base/page-header-tabs.vm with loader org.apache.velocity.runtime.resource.loader.FileResourceLoader
2018-02-26 18:14:21,278 - ResourceManager : found /templates/base/tabs/me.vm with loader org.apache.velocity.runtime.resource.loader.FileResourceLoader
2018-02-26 18:14:21,292 - ResourceManager : found /templates/widgets/article-promos.vm with loader org.apache.velocity.runtime.resource.loader.FileResourceLoader
2018-02-26 18:14:21,299 - ResourceManager : found /templates/base/page-footer.vm with loader org.apache.velocity.runtime.resource.loader.FileResourceLoader
2018-02-26 18:14:23,016 - ResourceManager : found ./templates/client.vm with loader org.apache.velocity.runtime.resource.loader.FileResourceLoader
2018-02-26 18:47:32,064 - ResourceManager : found ./templates/account.vm with loader org.apache.velocity.runtime.resource.loader.FileResourceLoader
2018-02-26 18:47:32,070 - ResourceManager : found /templates/account/disconnected.vm with loader org.apache.velocity.runtime.resource.loader.FileResourceLoader
